#
# There is insufficient memory for the Java Runtime Environment to continue.
# Native memory allocation (mmap) failed to map 65536 bytes for Failed to commit metaspace.
# Possible reasons:
#   The system is out of physical RAM or swap space
#   The process is running with CompressedOops enabled, and the Java Heap may be blocking the growth of the native heap
# Possible solutions:
#   Reduce memory load on the system
#   Increase physical memory or swap space
#   Check if swap backing store is full
#   Decrease Java heap size (-Xmx/-Xms)
#   Decrease number of Java threads
#   Decrease Java thread stack sizes (-Xss)
#   Set larger code cache with -XX:ReservedCodeCacheSize=
#   JVM is running with Unscaled Compressed Oops mode in which the Java heap is
#     placed in the first 4GB address space. The Java Heap base address is the
#     maximum limit for the native heap growth. Please use -XX:HeapBaseMinAddress
#     to set the Java Heap base and to place the Java Heap above 4GB virtual address.
# This output file may be truncated or incomplete.
#
#  Out of Memory Error (virtualSpaceNode.cpp:110), pid=8432, tid=8760
#
# JRE version: Java(TM) SE Runtime Environment (20.0.1+9) (build 20.0.1+9-29)
# Java VM: Java HotSpot(TM) 64-Bit Server VM (20.0.1+9-29, mixed mode, tiered, compressed oops, compressed class ptrs, g1 gc, windows-amd64)
# No core dump will be written. Minidumps are not enabled by default on client versions of Windows
#

---------------  S U M M A R Y ------------

Command Line: SimuladorBicicleta

Host: Intel(R) Core(TM) i7-4770S CPU @ 3.10GHz, 8 cores, 7G,  Windows 10 , 64 bit Build 19041 (10.0.19041.3636)
Time: Thu Nov 16 16:13:51 2023 Hora est. Pacífico, Sudamérica elapsed time: 0.434480 seconds (0d 0h 0m 0s)

---------------  T H R E A D  ---------------

Current thread (0x000002a6f422c9d0):  JavaThread "main" [_thread_in_vm, id=8760, stack(0x000000ac4a400000,0x000000ac4a500000)]

Stack: [0x000000ac4a400000,0x000000ac4a500000]
Native frames: (J=compiled Java code, j=interpreted, Vv=VM code, C=native code)
V  [jvm.dll+0x6bb95a]
V  [jvm.dll+0x8485fa]
V  [jvm.dll+0x84a1f5]
V  [jvm.dll+0x84a8f3]
V  [jvm.dll+0x280b0f]
V  [jvm.dll+0x84453b]
V  [jvm.dll+0x65fd86]
V  [jvm.dll+0x1eb4e7]
V  [jvm.dll+0x6627a2]
V  [jvm.dll+0x66258e]
V  [jvm.dll+0x66079e]
V  [jvm.dll+0x26da71]
V  [jvm.dll+0x21bea7]
V  [jvm.dll+0x211780]
V  [jvm.dll+0x59c26c]
V  [jvm.dll+0x222d6a]
V  [jvm.dll+0x7c2cb4]
V  [jvm.dll+0x7c3dff]
V  [jvm.dll+0x7c43af]
V  [jvm.dll+0x7c4058]
V  [jvm.dll+0x27024b]
V  [jvm.dll+0x27046f]
V  [jvm.dll+0x5bdc98]
V  [jvm.dll+0x5c0bf7]
V  [jvm.dll+0x3dc020]
V  [jvm.dll+0x3db65f]
C  0x000002a68755e6c0

Java frames: (J=compiled Java code, j=interpreted, Vv=VM code)
j  java.awt.Component.<clinit>()V+93 java.desktop@20.0.1
v  ~StubRoutines::call_stub 0x000002a68753100d

---------------  P R O C E S S  ---------------

Threads class SMR info:
_java_thread_list=0x000002a6951d2850, length=11, elements={
0x000002a6f422c9d0, 0x000002a69501e350, 0x000002a69501eef0, 0x000002a69506ce90,
0x000002a6950707f0, 0x000002a695071130, 0x000002a695071a70, 0x000002a695056c50,
0x000002a695079fe0, 0x000002a6951f2b30, 0x000002a6951ff910
}

Java Threads: ( => current thread )
=>0x000002a6f422c9d0 JavaThread "main" [_thread_in_vm, id=8760, stack(0x000000ac4a400000,0x000000ac4a500000)]
  0x000002a69501e350 JavaThread "Reference Handler" daemon [_thread_blocked, id=6512, stack(0x000000ac4ab00000,0x000000ac4ac00000)]
  0x000002a69501eef0 JavaThread "Finalizer" daemon [_thread_blocked, id=7796, stack(0x000000ac4ac00000,0x000000ac4ad00000)]
  0x000002a69506ce90 JavaThread "Signal Dispatcher" daemon [_thread_blocked, id=2032, stack(0x000000ac4ad00000,0x000000ac4ae00000)]
  0x000002a6950707f0 JavaThread "Attach Listener" daemon [_thread_blocked, id=7380, stack(0x000000ac4ae00000,0x000000ac4af00000)]
  0x000002a695071130 JavaThread "Service Thread" daemon [_thread_blocked, id=12680, stack(0x000000ac4af00000,0x000000ac4b000000)]
  0x000002a695071a70 JavaThread "Monitor Deflation Thread" daemon [_thread_blocked, id=9376, stack(0x000000ac4b000000,0x000000ac4b100000)]
  0x000002a695056c50 JavaThread "C2 CompilerThread0" daemon [_thread_blocked, id=3588, stack(0x000000ac4b100000,0x000000ac4b200000)]
  0x000002a695079fe0 JavaThread "C1 CompilerThread0" daemon [_thread_blocked, id=5532, stack(0x000000ac4b200000,0x000000ac4b300000)]
  0x000002a6951f2b30 JavaThread "Notification Thread" daemon [_thread_blocked, id=7964, stack(0x000000ac4b300000,0x000000ac4b400000)]
  0x000002a6951ff910 JavaThread "Common-Cleaner" daemon [_thread_blocked, id=2660, stack(0x000000ac4b500000,0x000000ac4b600000)]

Other Threads:
  0x000002a6950136d0 VMThread "VM Thread" [stack: 0x000000ac4aa00000,0x000000ac4ab00000] [id=13024]
  0x000002a6951f74a0 WatcherThread "VM Periodic Task Thread" [stack: 0x000000ac4b400000,0x000000ac4b500000] [id=4020]
  0x000002a6f428e5b0 WorkerThread "GC Thread#0" [stack: 0x000000ac4a500000,0x000000ac4a600000] [id=5388]
  0x000002a6f429f3a0 ConcurrentGCThread "G1 Main Marker" [stack: 0x000000ac4a600000,0x000000ac4a700000] [id=9100]
  0x000002a6f42a0570 WorkerThread "G1 Conc#0" [stack: 0x000000ac4a700000,0x000000ac4a800000] [id=10108]
  0x000002a6f42fe7e0 ConcurrentGCThread "G1 Refine#0" [stack: 0x000000ac4a800000,0x000000ac4a900000] [id=12220]
  0x000002a6ffa84420 ConcurrentGCThread "G1 Service" [stack: 0x000000ac4a900000,0x000000ac4aa00000] [id=13176]

Threads with active compile tasks:

VM state: not at safepoint (normal execution)

VM Mutex/Monitor currently owned by a thread:  ([mutex/lock_event])
[0x000002a6f1fbe180] Metaspace_lock - owner thread: 0x000002a6f422c9d0

Heap address: 0x0000000081600000, size: 2026 MB, Compressed Oops mode: 32-bit

CDS archive(s) not mapped
Compressed class space mapped at: 0x0000000100000000-0x0000000140000000, reserved size: 1073741824
Narrow klass base: 0x0000000000000000, Narrow klass shift: 3, Narrow klass range: 0x140000000

GC Precious Log:
 CardTable entry size: 512
 Card Set container configuration: InlinePtr #cards 5 size 8 Array Of Cards #cards 12 size 40 Howl #buckets 4 coarsen threshold 1843 Howl Bitmap #cards 512 size 80 coarsen threshold 460 Card regions per heap region 1 cards per card region 2048
 CPUs: 8 total, 8 available
 Memory: 8100M
 Large Page Support: Disabled
 NUMA Support: Disabled
 Compressed Oops: Enabled (32-bit)
 Heap Region Size: 1M
 Heap Min Capacity: 8M
 Heap Initial Capacity: 128M
 Heap Max Capacity: 2026M
 Pre-touch: Disabled
 Parallel Workers: 8
 Concurrent Workers: 2
 Concurrent Refinement Workers: 8
 Periodic GC: Disabled

Heap:
 garbage-first heap   total 131072K, used 1024K [0x0000000081600000, 0x0000000100000000)
  region size 1024K, 2 young (2048K), 0 survivors (0K)
 Metaspace       used 6435K, committed 6528K, reserved 1114112K
  class space    used 540K, committed 576K, reserved 1048576K

Heap Regions: E=young(eden), S=young(survivor), O=old, HS=humongous(starts), HC=humongous(continues), CS=collection set, F=free, OA=open archive, CA=closed archive, TAMS=top-at-mark-start, PB=parsable bottom
|   0|0x0000000081600000, 0x0000000081600000, 0x0000000081700000|  0%| F|  |TAMS 0x0000000081600000| PB 0x0000000081600000| Untracked 
|   1|0x0000000081700000, 0x0000000081700000, 0x0000000081800000|  0%| F|  |TAMS 0x0000000081700000| PB 0x0000000081700000| Untracked 
|   2|0x0000000081800000, 0x0000000081800000, 0x0000000081900000|  0%| F|  |TAMS 0x0000000081800000| PB 0x0000000081800000| Untracked 
|   3|0x0000000081900000, 0x0000000081900000, 0x0000000081a00000|  0%| F|  |TAMS 0x0000000081900000| PB 0x0000000081900000| Untracked 
|   4|0x0000000081a00000, 0x0000000081a00000, 0x0000000081b00000|  0%| F|  |TAMS 0x0000000081a00000| PB 0x0000000081a00000| Untracked 
|   5|0x0000000081b00000, 0x0000000081b00000, 0x0000000081c00000|  0%| F|  |TAMS 0x0000000081b00000| PB 0x0000000081b00000| Untracked 
|   6|0x0000000081c00000, 0x0000000081c00000, 0x0000000081d00000|  0%| F|  |TAMS 0x0000000081c00000| PB 0x0000000081c00000| Untracked 
|   7|0x0000000081d00000, 0x0000000081d00000, 0x0000000081e00000|  0%| F|  |TAMS 0x0000000081d00000| PB 0x0000000081d00000| Untracked 
|   8|0x0000000081e00000, 0x0000000081e00000, 0x0000000081f00000|  0%| F|  |TAMS 0x0000000081e00000| PB 0x0000000081e00000| Untracked 
|   9|0x0000000081f00000, 0x0000000081f00000, 0x0000000082000000|  0%| F|  |TAMS 0x0000000081f00000| PB 0x0000000081f00000| Untracked 
|  10|0x0000000082000000, 0x0000000082000000, 0x0000000082100000|  0%| F|  |TAMS 0x0000000082000000| PB 0x0000000082000000| Untracked 
|  11|0x0000000082100000, 0x0000000082100000, 0x0000000082200000|  0%| F|  |TAMS 0x0000000082100000| PB 0x0000000082100000| Untracked 
|  12|0x0000000082200000, 0x0000000082200000, 0x0000000082300000|  0%| F|  |TAMS 0x0000000082200000| PB 0x0000000082200000| Untracked 
|  13|0x0000000082300000, 0x0000000082300000, 0x0000000082400000|  0%| F|  |TAMS 0x0000000082300000| PB 0x0000000082300000| Untracked 
|  14|0x0000000082400000, 0x0000000082400000, 0x0000000082500000|  0%| F|  |TAMS 0x0000000082400000| PB 0x0000000082400000| Untracked 
|  15|0x0000000082500000, 0x0000000082500000, 0x0000000082600000|  0%| F|  |TAMS 0x0000000082500000| PB 0x0000000082500000| Untracked 
|  16|0x0000000082600000, 0x0000000082600000, 0x0000000082700000|  0%| F|  |TAMS 0x0000000082600000| PB 0x0000000082600000| Untracked 
|  17|0x0000000082700000, 0x0000000082700000, 0x0000000082800000|  0%| F|  |TAMS 0x0000000082700000| PB 0x0000000082700000| Untracked 
|  18|0x0000000082800000, 0x0000000082800000, 0x0000000082900000|  0%| F|  |TAMS 0x0000000082800000| PB 0x0000000082800000| Untracked 
|  19|0x0000000082900000, 0x0000000082900000, 0x0000000082a00000|  0%| F|  |TAMS 0x0000000082900000| PB 0x0000000082900000| Untracked 
|  20|0x0000000082a00000, 0x0000000082a00000, 0x0000000082b00000|  0%| F|  |TAMS 0x0000000082a00000| PB 0x0000000082a00000| Untracked 
|  21|0x0000000082b00000, 0x0000000082b00000, 0x0000000082c00000|  0%| F|  |TAMS 0x0000000082b00000| PB 0x0000000082b00000| Untracked 
|  22|0x0000000082c00000, 0x0000000082c00000, 0x0000000082d00000|  0%| F|  |TAMS 0x0000000082c00000| PB 0x0000000082c00000| Untracked 
|  23|0x0000000082d00000, 0x0000000082d00000, 0x0000000082e00000|  0%| F|  |TAMS 0x0000000082d00000| PB 0x0000000082d00000| Untracked 
|  24|0x0000000082e00000, 0x0000000082e00000, 0x0000000082f00000|  0%| F|  |TAMS 0x0000000082e00000| PB 0x0000000082e00000| Untracked 
|  25|0x0000000082f00000, 0x0000000082f00000, 0x0000000083000000|  0%| F|  |TAMS 0x0000000082f00000| PB 0x0000000082f00000| Untracked 
|  26|0x0000000083000000, 0x0000000083000000, 0x0000000083100000|  0%| F|  |TAMS 0x0000000083000000| PB 0x0000000083000000| Untracked 
|  27|0x0000000083100000, 0x0000000083100000, 0x0000000083200000|  0%| F|  |TAMS 0x0000000083100000| PB 0x0000000083100000| Untracked 
|  28|0x0000000083200000, 0x0000000083200000, 0x0000000083300000|  0%| F|  |TAMS 0x0000000083200000| PB 0x0000000083200000| Untracked 
|  29|0x0000000083300000, 0x0000000083300000, 0x0000000083400000|  0%| F|  |TAMS 0x0000000083300000| PB 0x0000000083300000| Untracked 
|  30|0x0000000083400000, 0x0000000083400000, 0x0000000083500000|  0%| F|  |TAMS 0x0000000083400000| PB 0x0000000083400000| Untracked 
|  31|0x0000000083500000, 0x0000000083500000, 0x0000000083600000|  0%| F|  |TAMS 0x0000000083500000| PB 0x0000000083500000| Untracked 
|  32|0x0000000083600000, 0x0000000083600000, 0x0000000083700000|  0%| F|  |TAMS 0x0000000083600000| PB 0x0000000083600000| Untracked 
|  33|0x0000000083700000, 0x0000000083700000, 0x0000000083800000|  0%| F|  |TAMS 0x0000000083700000| PB 0x0000000083700000| Untracked 
|  34|0x0000000083800000, 0x0000000083800000, 0x0000000083900000|  0%| F|  |TAMS 0x0000000083800000| PB 0x0000000083800000| Untracked 
|  35|0x0000000083900000, 0x0000000083900000, 0x0000000083a00000|  0%| F|  |TAMS 0x0000000083900000| PB 0x0000000083900000| Untracked 
|  36|0x0000000083a00000, 0x0000000083a00000, 0x0000000083b00000|  0%| F|  |TAMS 0x0000000083a00000| PB 0x0000000083a00000| Untracked 
|  37|0x0000000083b00000, 0x0000000083b00000, 0x0000000083c00000|  0%| F|  |TAMS 0x0000000083b00000| PB 0x0000000083b00000| Untracked 
|  38|0x0000000083c00000, 0x0000000083c00000, 0x0000000083d00000|  0%| F|  |TAMS 0x0000000083c00000| PB 0x0000000083c00000| Untracked 
|  39|0x0000000083d00000, 0x0000000083d00000, 0x0000000083e00000|  0%| F|  |TAMS 0x0000000083d00000| PB 0x0000000083d00000| Untracked 
|  40|0x0000000083e00000, 0x0000000083e00000, 0x0000000083f00000|  0%| F|  |TAMS 0x0000000083e00000| PB 0x0000000083e00000| Untracked 
|  41|0x0000000083f00000, 0x0000000083f00000, 0x0000000084000000|  0%| F|  |TAMS 0x0000000083f00000| PB 0x0000000083f00000| Untracked 
|  42|0x0000000084000000, 0x0000000084000000, 0x0000000084100000|  0%| F|  |TAMS 0x0000000084000000| PB 0x0000000084000000| Untracked 
|  43|0x0000000084100000, 0x0000000084100000, 0x0000000084200000|  0%| F|  |TAMS 0x0000000084100000| PB 0x0000000084100000| Untracked 
|  44|0x0000000084200000, 0x0000000084200000, 0x0000000084300000|  0%| F|  |TAMS 0x0000000084200000| PB 0x0000000084200000| Untracked 
|  45|0x0000000084300000, 0x0000000084300000, 0x0000000084400000|  0%| F|  |TAMS 0x0000000084300000| PB 0x0000000084300000| Untracked 
|  46|0x0000000084400000, 0x0000000084400000, 0x0000000084500000|  0%| F|  |TAMS 0x0000000084400000| PB 0x0000000084400000| Untracked 
|  47|0x0000000084500000, 0x0000000084500000, 0x0000000084600000|  0%| F|  |TAMS 0x0000000084500000| PB 0x0000000084500000| Untracked 
|  48|0x0000000084600000, 0x0000000084600000, 0x0000000084700000|  0%| F|  |TAMS 0x0000000084600000| PB 0x0000000084600000| Untracked 
|  49|0x0000000084700000, 0x0000000084700000, 0x0000000084800000|  0%| F|  |TAMS 0x0000000084700000| PB 0x0000000084700000| Untracked 
|  50|0x0000000084800000, 0x0000000084800000, 0x0000000084900000|  0%| F|  |TAMS 0x0000000084800000| PB 0x0000000084800000| Untracked 
|  51|0x0000000084900000, 0x0000000084900000, 0x0000000084a00000|  0%| F|  |TAMS 0x0000000084900000| PB 0x0000000084900000| Untracked 
|  52|0x0000000084a00000, 0x0000000084a00000, 0x0000000084b00000|  0%| F|  |TAMS 0x0000000084a00000| PB 0x0000000084a00000| Untracked 
|  53|0x0000000084b00000, 0x0000000084b00000, 0x0000000084c00000|  0%| F|  |TAMS 0x0000000084b00000| PB 0x0000000084b00000| Untracked 
|  54|0x0000000084c00000, 0x0000000084c00000, 0x0000000084d00000|  0%| F|  |TAMS 0x0000000084c00000| PB 0x0000000084c00000| Untracked 
|  55|0x0000000084d00000, 0x0000000084d00000, 0x0000000084e00000|  0%| F|  |TAMS 0x0000000084d00000| PB 0x0000000084d00000| Untracked 
|  56|0x0000000084e00000, 0x0000000084e00000, 0x0000000084f00000|  0%| F|  |TAMS 0x0000000084e00000| PB 0x0000000084e00000| Untracked 
|  57|0x0000000084f00000, 0x0000000084f00000, 0x0000000085000000|  0%| F|  |TAMS 0x0000000084f00000| PB 0x0000000084f00000| Untracked 
|  58|0x0000000085000000, 0x0000000085000000, 0x0000000085100000|  0%| F|  |TAMS 0x0000000085000000| PB 0x0000000085000000| Untracked 
|  59|0x0000000085100000, 0x0000000085100000, 0x0000000085200000|  0%| F|  |TAMS 0x0000000085100000| PB 0x0000000085100000| Untracked 
|  60|0x0000000085200000, 0x0000000085200000, 0x0000000085300000|  0%| F|  |TAMS 0x0000000085200000| PB 0x0000000085200000| Untracked 
|  61|0x0000000085300000, 0x0000000085300000, 0x0000000085400000|  0%| F|  |TAMS 0x0000000085300000| PB 0x0000000085300000| Untracked 
|  62|0x0000000085400000, 0x0000000085400000, 0x0000000085500000|  0%| F|  |TAMS 0x0000000085400000| PB 0x0000000085400000| Untracked 
|  63|0x0000000085500000, 0x0000000085500000, 0x0000000085600000|  0%| F|  |TAMS 0x0000000085500000| PB 0x0000000085500000| Untracked 
|  64|0x0000000085600000, 0x0000000085600000, 0x0000000085700000|  0%| F|  |TAMS 0x0000000085600000| PB 0x0000000085600000| Untracked 
|  65|0x0000000085700000, 0x0000000085700000, 0x0000000085800000|  0%| F|  |TAMS 0x0000000085700000| PB 0x0000000085700000| Untracked 
|  66|0x0000000085800000, 0x0000000085800000, 0x0000000085900000|  0%| F|  |TAMS 0x0000000085800000| PB 0x0000000085800000| Untracked 
|  67|0x0000000085900000, 0x0000000085900000, 0x0000000085a00000|  0%| F|  |TAMS 0x0000000085900000| PB 0x0000000085900000| Untracked 
|  68|0x0000000085a00000, 0x0000000085a00000, 0x0000000085b00000|  0%| F|  |TAMS 0x0000000085a00000| PB 0x0000000085a00000| Untracked 
|  69|0x0000000085b00000, 0x0000000085b00000, 0x0000000085c00000|  0%| F|  |TAMS 0x0000000085b00000| PB 0x0000000085b00000| Untracked 
|  70|0x0000000085c00000, 0x0000000085c00000, 0x0000000085d00000|  0%| F|  |TAMS 0x0000000085c00000| PB 0x0000000085c00000| Untracked 
|  71|0x0000000085d00000, 0x0000000085d00000, 0x0000000085e00000|  0%| F|  |TAMS 0x0000000085d00000| PB 0x0000000085d00000| Untracked 
|  72|0x0000000085e00000, 0x0000000085e00000, 0x0000000085f00000|  0%| F|  |TAMS 0x0000000085e00000| PB 0x0000000085e00000| Untracked 
|  73|0x0000000085f00000, 0x0000000085f00000, 0x0000000086000000|  0%| F|  |TAMS 0x0000000085f00000| PB 0x0000000085f00000| Untracked 
|  74|0x0000000086000000, 0x0000000086000000, 0x0000000086100000|  0%| F|  |TAMS 0x0000000086000000| PB 0x0000000086000000| Untracked 
|  75|0x0000000086100000, 0x0000000086100000, 0x0000000086200000|  0%| F|  |TAMS 0x0000000086100000| PB 0x0000000086100000| Untracked 
|  76|0x0000000086200000, 0x0000000086200000, 0x0000000086300000|  0%| F|  |TAMS 0x0000000086200000| PB 0x0000000086200000| Untracked 
|  77|0x0000000086300000, 0x0000000086300000, 0x0000000086400000|  0%| F|  |TAMS 0x0000000086300000| PB 0x0000000086300000| Untracked 
|  78|0x0000000086400000, 0x0000000086400000, 0x0000000086500000|  0%| F|  |TAMS 0x0000000086400000| PB 0x0000000086400000| Untracked 
|  79|0x0000000086500000, 0x0000000086500000, 0x0000000086600000|  0%| F|  |TAMS 0x0000000086500000| PB 0x0000000086500000| Untracked 
|  80|0x0000000086600000, 0x0000000086600000, 0x0000000086700000|  0%| F|  |TAMS 0x0000000086600000| PB 0x0000000086600000| Untracked 
|  81|0x0000000086700000, 0x0000000086700000, 0x0000000086800000|  0%| F|  |TAMS 0x0000000086700000| PB 0x0000000086700000| Untracked 
|  82|0x0000000086800000, 0x0000000086800000, 0x0000000086900000|  0%| F|  |TAMS 0x0000000086800000| PB 0x0000000086800000| Untracked 
|  83|0x0000000086900000, 0x0000000086900000, 0x0000000086a00000|  0%| F|  |TAMS 0x0000000086900000| PB 0x0000000086900000| Untracked 
|  84|0x0000000086a00000, 0x0000000086a00000, 0x0000000086b00000|  0%| F|  |TAMS 0x0000000086a00000| PB 0x0000000086a00000| Untracked 
|  85|0x0000000086b00000, 0x0000000086b00000, 0x0000000086c00000|  0%| F|  |TAMS 0x0000000086b00000| PB 0x0000000086b00000| Untracked 
|  86|0x0000000086c00000, 0x0000000086c00000, 0x0000000086d00000|  0%| F|  |TAMS 0x0000000086c00000| PB 0x0000000086c00000| Untracked 
|  87|0x0000000086d00000, 0x0000000086d00000, 0x0000000086e00000|  0%| F|  |TAMS 0x0000000086d00000| PB 0x0000000086d00000| Untracked 
|  88|0x0000000086e00000, 0x0000000086e00000, 0x0000000086f00000|  0%| F|  |TAMS 0x0000000086e00000| PB 0x0000000086e00000| Untracked 
|  89|0x0000000086f00000, 0x0000000086f00000, 0x0000000087000000|  0%| F|  |TAMS 0x0000000086f00000| PB 0x0000000086f00000| Untracked 
|  90|0x0000000087000000, 0x0000000087000000, 0x0000000087100000|  0%| F|  |TAMS 0x0000000087000000| PB 0x0000000087000000| Untracked 
|  91|0x0000000087100000, 0x0000000087100000, 0x0000000087200000|  0%| F|  |TAMS 0x0000000087100000| PB 0x0000000087100000| Untracked 
|  92|0x0000000087200000, 0x0000000087200000, 0x0000000087300000|  0%| F|  |TAMS 0x0000000087200000| PB 0x0000000087200000| Untracked 
|  93|0x0000000087300000, 0x0000000087300000, 0x0000000087400000|  0%| F|  |TAMS 0x0000000087300000| PB 0x0000000087300000| Untracked 
|  94|0x0000000087400000, 0x0000000087400000, 0x0000000087500000|  0%| F|  |TAMS 0x0000000087400000| PB 0x0000000087400000| Untracked 
|  95|0x0000000087500000, 0x0000000087500000, 0x0000000087600000|  0%| F|  |TAMS 0x0000000087500000| PB 0x0000000087500000| Untracked 
|  96|0x0000000087600000, 0x0000000087600000, 0x0000000087700000|  0%| F|  |TAMS 0x0000000087600000| PB 0x0000000087600000| Untracked 
|  97|0x0000000087700000, 0x0000000087700000, 0x0000000087800000|  0%| F|  |TAMS 0x0000000087700000| PB 0x0000000087700000| Untracked 
|  98|0x0000000087800000, 0x0000000087800000, 0x0000000087900000|  0%| F|  |TAMS 0x0000000087800000| PB 0x0000000087800000| Untracked 
|  99|0x0000000087900000, 0x0000000087900000, 0x0000000087a00000|  0%| F|  |TAMS 0x0000000087900000| PB 0x0000000087900000| Untracked 
| 100|0x0000000087a00000, 0x0000000087a00000, 0x0000000087b00000|  0%| F|  |TAMS 0x0000000087a00000| PB 0x0000000087a00000| Untracked 
| 101|0x0000000087b00000, 0x0000000087b00000, 0x0000000087c00000|  0%| F|  |TAMS 0x0000000087b00000| PB 0x0000000087b00000| Untracked 
| 102|0x0000000087c00000, 0x0000000087c00000, 0x0000000087d00000|  0%| F|  |TAMS 0x0000000087c00000| PB 0x0000000087c00000| Untracked 
| 103|0x0000000087d00000, 0x0000000087d00000, 0x0000000087e00000|  0%| F|  |TAMS 0x0000000087d00000| PB 0x0000000087d00000| Untracked 
| 104|0x0000000087e00000, 0x0000000087e00000, 0x0000000087f00000|  0%| F|  |TAMS 0x0000000087e00000| PB 0x0000000087e00000| Untracked 
| 105|0x0000000087f00000, 0x0000000087f00000, 0x0000000088000000|  0%| F|  |TAMS 0x0000000087f00000| PB 0x0000000087f00000| Untracked 
| 106|0x0000000088000000, 0x0000000088000000, 0x0000000088100000|  0%| F|  |TAMS 0x0000000088000000| PB 0x0000000088000000| Untracked 
| 107|0x0000000088100000, 0x0000000088100000, 0x0000000088200000|  0%| F|  |TAMS 0x0000000088100000| PB 0x0000000088100000| Untracked 
| 108|0x0000000088200000, 0x0000000088200000, 0x0000000088300000|  0%| F|  |TAMS 0x0000000088200000| PB 0x0000000088200000| Untracked 
| 109|0x0000000088300000, 0x0000000088300000, 0x0000000088400000|  0%| F|  |TAMS 0x0000000088300000| PB 0x0000000088300000| Untracked 
| 110|0x0000000088400000, 0x0000000088400000, 0x0000000088500000|  0%| F|  |TAMS 0x0000000088400000| PB 0x0000000088400000| Untracked 
| 111|0x0000000088500000, 0x0000000088500000, 0x0000000088600000|  0%| F|  |TAMS 0x0000000088500000| PB 0x0000000088500000| Untracked 
| 112|0x0000000088600000, 0x0000000088600000, 0x0000000088700000|  0%| F|  |TAMS 0x0000000088600000| PB 0x0000000088600000| Untracked 
| 113|0x0000000088700000, 0x0000000088700000, 0x0000000088800000|  0%| F|  |TAMS 0x0000000088700000| PB 0x0000000088700000| Untracked 
| 114|0x0000000088800000, 0x0000000088800000, 0x0000000088900000|  0%| F|  |TAMS 0x0000000088800000| PB 0x0000000088800000| Untracked 
| 115|0x0000000088900000, 0x0000000088900000, 0x0000000088a00000|  0%| F|  |TAMS 0x0000000088900000| PB 0x0000000088900000| Untracked 
| 116|0x0000000088a00000, 0x0000000088a00000, 0x0000000088b00000|  0%| F|  |TAMS 0x0000000088a00000| PB 0x0000000088a00000| Untracked 
| 117|0x0000000088b00000, 0x0000000088b00000, 0x0000000088c00000|  0%| F|  |TAMS 0x0000000088b00000| PB 0x0000000088b00000| Untracked 
| 118|0x0000000088c00000, 0x0000000088c00000, 0x0000000088d00000|  0%| F|  |TAMS 0x0000000088c00000| PB 0x0000000088c00000| Untracked 
| 119|0x0000000088d00000, 0x0000000088d00000, 0x0000000088e00000|  0%| F|  |TAMS 0x0000000088d00000| PB 0x0000000088d00000| Untracked 
| 120|0x0000000088e00000, 0x0000000088e00000, 0x0000000088f00000|  0%| F|  |TAMS 0x0000000088e00000| PB 0x0000000088e00000| Untracked 
| 121|0x0000000088f00000, 0x0000000088f00000, 0x0000000089000000|  0%| F|  |TAMS 0x0000000088f00000| PB 0x0000000088f00000| Untracked 
| 122|0x0000000089000000, 0x0000000089000000, 0x0000000089100000|  0%| F|  |TAMS 0x0000000089000000| PB 0x0000000089000000| Untracked 
| 123|0x0000000089100000, 0x0000000089100000, 0x0000000089200000|  0%| F|  |TAMS 0x0000000089100000| PB 0x0000000089100000| Untracked 
| 124|0x0000000089200000, 0x0000000089200000, 0x0000000089300000|  0%| F|  |TAMS 0x0000000089200000| PB 0x0000000089200000| Untracked 
| 125|0x0000000089300000, 0x0000000089300000, 0x0000000089400000|  0%| F|  |TAMS 0x0000000089300000| PB 0x0000000089300000| Untracked 
| 126|0x0000000089400000, 0x00000000894ec130, 0x0000000089500000| 92%| E|  |TAMS 0x0000000089400000| PB 0x0000000089400000| Complete 
| 127|0x0000000089500000, 0x0000000089600000, 0x0000000089600000|100%| E|CS|TAMS 0x0000000089500000| PB 0x0000000089500000| Complete 

Card table byte_map: [0x000002a6fca20000,0x000002a6fce20000] _byte_map_base: 0x000002a6fc615000

Marking Bits: (CMBitMap*) 0x000002a6f428ebe0
 Bits: [0x000002a6fd220000, 0x000002a6ff1c8000)

Polling page: 0x000002a6f21d0000

Metaspace:

Usage:
  Non-class:      5.76 MB used.
      Class:    540.56 KB used.
       Both:      6.28 MB used.

Virtual space:
  Non-class space:       64.00 MB reserved,       5.81 MB (  9%) committed,  1 nodes.
      Class space:        1.00 GB reserved,     576.00 KB ( <1%) committed,  1 nodes.
             Both:        1.06 GB reserved,       6.38 MB ( <1%) committed. 

Chunk freelists:
   Non-Class:  2.12 MB
       Class:  3.25 MB
        Both:  5.37 MB

MaxMetaspaceSize: unlimited
CompressedClassSpaceSize: 1.00 GB
Initial GC threshold: 21.00 MB
Current GC threshold: 21.00 MB
CDS: off
MetaspaceReclaimPolicy: balanced
 - commit_granule_bytes: 65536.
 - commit_granule_words: 8192.
 - virtual_space_node_default_size: 8388608.
 - enlarge_chunks_in_place: 1.
 - new_chunks_are_fully_committed: 0.
 - uncommit_free_chunks: 1.
 - use_allocation_guard: 0.


Internal statistics:

num_allocs_failed_limit: 0.
num_arena_births: 6.
num_arena_deaths: 0.
num_vsnodes_births: 2.
num_vsnodes_deaths: 0.
num_space_committed: 102.
num_space_uncommitted: 0.
num_chunks_returned_to_freelist: 0.
num_chunks_taken_from_freelist: 17.
num_chunk_merges: 0.
num_chunk_splits: 4.
num_chunks_enlarged: 2.
num_inconsistent_stats: 0.

CodeHeap 'non-profiled nmethods': size=120000Kb used=24Kb max_used=24Kb free=119975Kb
 bounds [0x000002a687ad0000, 0x000002a687d40000, 0x000002a68f000000]
CodeHeap 'profiled nmethods': size=120000Kb used=106Kb max_used=106Kb free=119893Kb
 bounds [0x000002a680000000, 0x000002a680270000, 0x000002a687530000]
CodeHeap 'non-nmethods': size=5760Kb used=1312Kb max_used=1326Kb free=4447Kb
 bounds [0x000002a687530000, 0x000002a6877a0000, 0x000002a687ad0000]
 total_blobs=468 nmethods=94 adapters=285
 compilation: enabled
              stopped_count=0, restarted_count=0
 full_count=0

Compilation events (20 events):
Event: 0.409 Thread 0x000002a695079fe0   85       3       java.nio.Buffer::session (20 bytes)
Event: 0.409 Thread 0x000002a695079fe0 nmethod 85 0x000002a680017a10 code [0x000002a680017bc0, 0x000002a680017e90]
Event: 0.409 Thread 0x000002a695079fe0   86       3       java.nio.Buffer::checkIndex (9 bytes)
Event: 0.409 Thread 0x000002a695079fe0 nmethod 86 0x000002a680017f90 code [0x000002a680018120, 0x000002a6800182e0]
Event: 0.409 Thread 0x000002a695079fe0   87   !   3       java.nio.DirectByteBuffer::get (34 bytes)
Event: 0.409 Thread 0x000002a695056c50   92       4       java.lang.String::charAt (25 bytes)
Event: 0.409 Thread 0x000002a695079fe0 nmethod 87 0x000002a680018410 code [0x000002a680018640, 0x000002a680018f80]
Event: 0.409 Thread 0x000002a695079fe0   83       3       java.util.Objects::checkIndex (7 bytes)
Event: 0.409 Thread 0x000002a695079fe0 nmethod 83 0x000002a680019490 code [0x000002a680019620, 0x000002a680019758]
Event: 0.410 Thread 0x000002a695079fe0   88       3       java.nio.DirectByteBuffer::ix (10 bytes)
Event: 0.410 Thread 0x000002a695079fe0 nmethod 88 0x000002a680019810 code [0x000002a6800199a0, 0x000002a680019ab8]
Event: 0.410 Thread 0x000002a695079fe0   89   !   3       jdk.internal.misc.ScopedMemoryAccess::getByte (16 bytes)
Event: 0.410 Thread 0x000002a695079fe0 nmethod 89 0x000002a680019b90 code [0x000002a680019d60, 0x000002a68001a130]
Event: 0.410 Thread 0x000002a695079fe0   90   !   3       jdk.internal.misc.ScopedMemoryAccess::getByteInternal (34 bytes)
Event: 0.410 Thread 0x000002a695079fe0 nmethod 90 0x000002a68001a310 code [0x000002a68001a4c0, 0x000002a68001a728]
Event: 0.410 Thread 0x000002a695079fe0   94       1       java.nio.Buffer::limit (5 bytes)
Event: 0.410 Thread 0x000002a695079fe0 nmethod 94 0x000002a687ad5790 code [0x000002a687ad5900, 0x000002a687ad59c8]
Event: 0.410 Thread 0x000002a695056c50 nmethod 92 0x000002a687ad5a90 code [0x000002a687ad5c00, 0x000002a687ad5d08]
Event: 0.410 Thread 0x000002a695056c50   93       4       java.lang.ref.Reference::reachabilityFence (1 bytes)
Event: 0.410 Thread 0x000002a695056c50 nmethod 93 0x000002a687ad5e10 code [0x000002a687ad5f80, 0x000002a687ad5fe8]

GC Heap History (0 events):
No events

Dll operation events (3 events):
Event: 0.005 Loaded shared library C:\Program Files\Java\jdk-20\bin\java.dll
Event: 0.222 Loaded shared library C:\Program Files\Java\jdk-20\bin\jsvml.dll
Event: 0.404 Loaded shared library C:\Program Files\Java\jdk-20\bin\jimage.dll

Deoptimization events (0 events):
No events

Classes loaded (20 events):
Event: 0.411 Loading class java/util/ServiceLoader$1 done
Event: 0.411 Loading class java/util/ServiceLoader$ProviderImpl
Event: 0.411 Loading class java/util/ServiceLoader$Provider
Event: 0.411 Loading class java/util/ServiceLoader$Provider done
Event: 0.411 Loading class java/util/ServiceLoader$ProviderImpl done
Event: 0.411 Loading class jdk/internal/logger/BootstrapLogger$LoggingBackend
Event: 0.411 Loading class jdk/internal/logger/BootstrapLogger$LoggingBackend done
Event: 0.411 Loading class jdk/internal/logger/LazyLoggers$JdkLazyLogger
Event: 0.411 Loading class jdk/internal/logger/LazyLoggers$LazyLoggerWrapper
Event: 0.411 Loading class jdk/internal/logger/AbstractLoggerWrapper
Event: 0.411 Loading class jdk/internal/logger/AbstractLoggerWrapper done
Event: 0.411 Loading class jdk/internal/logger/LazyLoggers$LazyLoggerWrapper done
Event: 0.411 Loading class jdk/internal/logger/LazyLoggers$JdkLazyLogger done
Event: 0.411 Loading class jdk/internal/logger/LazyLoggers$LazyLoggerAccessor
Event: 0.411 Loading class jdk/internal/logger/LazyLoggers$LoggerAccessor
Event: 0.411 Loading class jdk/internal/logger/LazyLoggers$LoggerAccessor done
Event: 0.411 Loading class jdk/internal/logger/LazyLoggers$LazyLoggerAccessor done
Event: 0.411 Loading class java/awt/Component$AWTTreeLock
Event: 0.411 Loading class java/awt/Component$AWTTreeLock done
Event: 0.411 Loading class java/awt/Toolkit

Classes unloaded (0 events):
No events

Classes redefined (0 events):
No events

Internal exceptions (0 events):
No events

VM Operations (0 events):
No events

Events (11 events):
Event: 0.222 Thread 0x000002a6f422c9d0 Thread added: 0x000002a6f422c9d0
Event: 0.275 Thread 0x000002a69501e350 Thread added: 0x000002a69501e350
Event: 0.275 Thread 0x000002a69501eef0 Thread added: 0x000002a69501eef0
Event: 0.277 Thread 0x000002a69506ce90 Thread added: 0x000002a69506ce90
Event: 0.277 Thread 0x000002a6950707f0 Thread added: 0x000002a6950707f0
Event: 0.277 Thread 0x000002a695071130 Thread added: 0x000002a695071130
Event: 0.277 Thread 0x000002a695071a70 Thread added: 0x000002a695071a70
Event: 0.277 Thread 0x000002a695056c50 Thread added: 0x000002a695056c50
Event: 0.277 Thread 0x000002a695079fe0 Thread added: 0x000002a695079fe0
Event: 0.327 Thread 0x000002a6951f2b30 Thread added: 0x000002a6951f2b30
Event: 0.335 Thread 0x000002a6951ff910 Thread added: 0x000002a6951ff910


Dynamic libraries:
0x00007ff67e450000 - 0x00007ff67e460000 	C:\Program Files\Java\jdk-20\bin\java.exe
0x00007ff893db0000 - 0x00007ff893fa8000 	C:\WINDOWS\SYSTEM32\ntdll.dll
0x00007ff892e10000 - 0x00007ff892ecd000 	C:\WINDOWS\System32\KERNEL32.DLL
0x00007ff8917d0000 - 0x00007ff891ac6000 	C:\WINDOWS\System32\KERNELBASE.dll
0x00007ff891540000 - 0x00007ff891640000 	C:\WINDOWS\System32\ucrtbase.dll
0x00007ff86b4f0000 - 0x00007ff86b50b000 	C:\Program Files\Java\jdk-20\bin\VCRUNTIME140.dll
0x00007ff889040000 - 0x00007ff889059000 	C:\Program Files\Java\jdk-20\bin\jli.dll
0x00007ff893850000 - 0x00007ff8938ff000 	C:\WINDOWS\System32\ADVAPI32.dll
0x00007ff893980000 - 0x00007ff893a1e000 	C:\WINDOWS\System32\msvcrt.dll
0x00007ff892760000 - 0x00007ff8927fc000 	C:\WINDOWS\System32\sechost.dll
0x00007ff892560000 - 0x00007ff892686000 	C:\WINDOWS\System32\RPCRT4.dll
0x00007ff892ee0000 - 0x00007ff89307e000 	C:\WINDOWS\System32\USER32.dll
0x00007ff888160000 - 0x00007ff8883fa000 	C:\WINDOWS\WinSxS\amd64_microsoft.windows.common-controls_6595b64144ccf1df_6.0.19041.3636_none_60b6a03d71f818d5\COMCTL32.dll
0x00007ff891b60000 - 0x00007ff891b82000 	C:\WINDOWS\System32\win32u.dll
0x00007ff8923e0000 - 0x00007ff89240c000 	C:\WINDOWS\System32\GDI32.dll
0x00007ff891640000 - 0x00007ff89175a000 	C:\WINDOWS\System32\gdi32full.dll
0x00007ff891b90000 - 0x00007ff891c2d000 	C:\WINDOWS\System32\msvcp_win.dll
0x00007ff884800000 - 0x00007ff88480a000 	C:\WINDOWS\SYSTEM32\VERSION.dll
0x00007ff892350000 - 0x00007ff892380000 	C:\WINDOWS\System32\IMM32.DLL
0x00007ff86b4e0000 - 0x00007ff86b4ec000 	C:\Program Files\Java\jdk-20\bin\vcruntime140_1.dll
0x00007ff85ffb0000 - 0x00007ff86003e000 	C:\Program Files\Java\jdk-20\bin\msvcp140.dll
0x00007ff83fcb0000 - 0x00007ff840947000 	C:\Program Files\Java\jdk-20\bin\server\jvm.dll
0x00007ff889060000 - 0x00007ff889069000 	C:\WINDOWS\SYSTEM32\WSOCK32.dll
0x00007ff87cc70000 - 0x00007ff87cc97000 	C:\WINDOWS\SYSTEM32\WINMM.dll
0x00007ff8922e0000 - 0x00007ff89234b000 	C:\WINDOWS\System32\WS2_32.dll
0x00007ff88f370000 - 0x00007ff88f382000 	C:\WINDOWS\SYSTEM32\kernel.appcore.dll
0x00007ff86b460000 - 0x00007ff86b46a000 	C:\Program Files\Java\jdk-20\bin\jimage.dll
0x00007ff874f90000 - 0x00007ff875174000 	C:\WINDOWS\SYSTEM32\DBGHELP.DLL
0x00007ff874f30000 - 0x00007ff874f64000 	C:\WINDOWS\SYSTEM32\dbgcore.DLL
0x00007ff891ad0000 - 0x00007ff891b52000 	C:\WINDOWS\System32\bcryptPrimitives.dll
0x00007ff86b470000 - 0x00007ff86b496000 	C:\Program Files\Java\jdk-20\bin\java.dll
0x00007ff8600a0000 - 0x00007ff860177000 	C:\Program Files\Java\jdk-20\bin\jsvml.dll
0x00007ff893100000 - 0x00007ff893844000 	C:\WINDOWS\System32\SHELL32.dll
0x00007ff88f570000 - 0x00007ff88fd0b000 	C:\WINDOWS\SYSTEM32\windows.storage.dll
0x00007ff892800000 - 0x00007ff892b54000 	C:\WINDOWS\System32\combase.dll
0x00007ff890ed0000 - 0x00007ff890efd000 	C:\WINDOWS\SYSTEM32\Wldp.dll
0x00007ff892b60000 - 0x00007ff892c0d000 	C:\WINDOWS\System32\SHCORE.dll
0x00007ff892380000 - 0x00007ff8923d5000 	C:\WINDOWS\System32\shlwapi.dll
0x00007ff8913c0000 - 0x00007ff8913e5000 	C:\WINDOWS\SYSTEM32\profapi.dll

dbghelp: loaded successfully - version: 4.0.5 - missing functions: none
symbol engine: initialized successfully - sym options: 0x614 - pdb path: .;C:\Program Files\Java\jdk-20\bin;C:\WINDOWS\SYSTEM32;C:\WINDOWS\WinSxS\amd64_microsoft.windows.common-controls_6595b64144ccf1df_6.0.19041.3636_none_60b6a03d71f818d5;C:\Program Files\Java\jdk-20\bin\server

VM Arguments:
java_command: SimuladorBicicleta
java_class_path (initial): C:\Users\Estudiante\Documents\Exam\SimuladorBicicleta\target\classes
Launcher Type: SUN_STANDARD

[Global flags]
     intx CICompilerCount                          = 4                                         {product} {ergonomic}
     uint ConcGCThreads                            = 2                                         {product} {ergonomic}
     uint G1ConcRefinementThreads                  = 8                                         {product} {ergonomic}
   size_t G1HeapRegionSize                         = 1048576                                   {product} {ergonomic}
    uintx GCDrainStackTargetSize                   = 64                                        {product} {ergonomic}
   size_t InitialHeapSize                          = 134217728                                 {product} {ergonomic}
   size_t MarkStackSize                            = 4194304                                   {product} {ergonomic}
   size_t MaxHeapSize                              = 2124414976                                {product} {ergonomic}
   size_t MaxNewSize                               = 1274019840                                {product} {ergonomic}
   size_t MinHeapDeltaBytes                        = 1048576                                   {product} {ergonomic}
   size_t MinHeapSize                              = 8388608                                   {product} {ergonomic}
    uintx NonNMethodCodeHeapSize                   = 5839372                                {pd product} {ergonomic}
    uintx NonProfiledCodeHeapSize                  = 122909434                              {pd product} {ergonomic}
    uintx ProfiledCodeHeapSize                     = 122909434                              {pd product} {ergonomic}
    uintx ReservedCodeCacheSize                    = 251658240                              {pd product} {ergonomic}
     bool SegmentedCodeCache                       = true                                      {product} {ergonomic}
   size_t SoftMaxHeapSize                          = 2124414976                             {manageable} {ergonomic}
     bool UseCompressedClassPointers               = true                           {product lp64_product} {ergonomic}
     bool UseCompressedOops                        = true                           {product lp64_product} {ergonomic}
     bool UseG1GC                                  = true                                      {product} {ergonomic}
     bool UseLargePagesIndividualAllocation        = false                                  {pd product} {ergonomic}

Logging:
Log output configuration:
 #0: stdout all=warning uptime,level,tags foldmultilines=false
 #1: stderr all=off uptime,level,tags foldmultilines=false

Environment Variables:
JAVA_HOME=C:\Program Files\Java\jdk-20
PATH=C:\Program Files (x86)\Intel\iCLS Client\;C:\Program Files\Intel\iCLS Client\;C:\Program Files\Common Files\Oracle\Java\javapath;C:\Program Files (x86)\Common Files\Oracle\Java\javapath;C:\WINDOWS\system32;C:\WINDOWS;C:\WINDOWS\System32\Wbem;C:\WINDOWS\System32\WindowsPowerShell\v1.0\;C:\WINDOWS\System32\OpenSSH\;C:\Program Files\dotnet\;C:\Program Files (x86)\Intel\Intel(R) Management Engine Components\DAL;C:\Program Files\Intel\Intel(R) Management Engine Components\DAL;C:\Program Files (x86)\Intel\Intel(R) Management Engine Components\IPT;C:\Program Files\Intel\Intel(R) Management Engine Components\IPT;C:\Users\Estudiante\AppData\Local\Microsoft\WindowsApps;C:\Users\Estudiante\AppData\Local\Programs\Git\cmd
USERNAME=Estudiante
OS=Windows_NT
PROCESSOR_IDENTIFIER=Intel64 Family 6 Model 60 Stepping 3, GenuineIntel
TMP=C:\Users\ESTUDI~1\AppData\Local\Temp
TEMP=C:\Users\ESTUDI~1\AppData\Local\Temp




---------------  S Y S T E M  ---------------

OS:
 Windows 10 , 64 bit Build 19041 (10.0.19041.3636)
OS uptime: 0 days 1:59 hours

CPU: total 8 (initial active 8) (4 cores per cpu, 2 threads per core) family 6 model 60 stepping 3 microcode 0x27, cx8, cmov, fxsr, ht, mmx, sse, sse2, sse3, ssse3, sse4.1, sse4.2, popcnt, lzcnt, tsc, tscinvbit, avx, avx2, aes, erms, clmul, bmi1, bmi2, fma, vzeroupper, clflush, rdtscp, f16c

Memory: 4k page, system-wide physical 8100M (1640M free)
TotalPageFile size 8100M (AvailPageFile size 3M)
current process WorkingSet (physical memory assigned to process): 30M, peak: 30M
current process commit charge ("private bytes"): 203M, peak: 204M

vm_info: Java HotSpot(TM) 64-Bit Server VM (20.0.1+9-29) for windows-amd64 JRE (20.0.1+9-29), built on 2023-03-07T13:56:11Z by "mach5one" with MS VC++ 17.1 (VS2022)

END.
